#
# A fatal error has been detected by the Java Runtime Environment:
#
#  SIGSEGV (0xb) at pc=0xb6d869aa, pid=25889, tid=1856498496
#
# JRE version: 6.0_35-b10
# Java VM: Java HotSpot(TM) Server VM (20.10-b01 mixed mode linux-x86 )
# Problematic frame:
# V  [libjvm.so+0x3e29aa]  java_lang_String::utf8_length(oopDesc*)+0x3a
#
# If you would like to submit a bug report, please visit:
#   http://java.sun.com/webapps/bugreport/crash.jsp
#

---------------  T H R E A D  ---------------

Current thread (0xb68c1400):  JavaThread "JDWP Transport Listener: dt_socket" daemon [_thread_in_vm, id=25905, stack(0x6ea2e000,0x6ea7f000)]

siginfo:si_signo=SIGSEGV: si_errno=0, si_code=1 (SEGV_MAPERR), si_addr=0x00000004

Registers:
EAX=0xb71b0988, EBX=0xb71a7c88, ECX=0x00000010, EDX=0x9e386010
ESP=0x6ea7df30, EBP=0x6ea7df48, ESI=0x00000000, EDI=0x00000000
EIP=0xb6d869aa, EFLAGS=0x00210206, CR2=0x00000004

Top of Stack: (sp=0x6ea7df30)
0x6ea7df30:   b68c1400 00000000 b6d8697b b71a7c88
0x6ea7df40:   b68c1400 9e386010 6ea7dfb8 b6daf4f8
0x6ea7df50:   9e386010 00000000 00000008 b6daf439
0x6ea7df60:   b68c1400 6e5020f8 b68c1520 6ea7df70
0x6ea7df70:   b68c1400 00000000 6ea7dfb8 b67b30c9
0x6ea7df80:   b68c1400 00000001 b6853af4 b67bf438
0x6ea7df90:   b68c1400 6ea7e180 6ea7dfb8 b67a223c
0x6ea7dfa0:   6e505ed8 6ea7e180 00000000 b67bf438 

Instructions: (pc=0xb6d869aa)
0xb6d8698a:   00 8b 55 08 8b 30 8b 83 a8 12 00 00 8d 3c 16 8b
0xb6d8699a:   37 8b 38 8d 04 17 8b 38 8b 83 c8 21 00 00 8b 08
0xb6d869aa:   8b 46 04 01 ca 83 c0 08 8b 0a 80 78 05 05 74 0a
0xb6d869ba:   89 c8 8d 65 f4 5b 5e 5f 5d c3 85 c9 8d 54 7e 0c 

Register to memory mapping:

EAX=0xb71b0988: <offset 0x80c988> in /opt/jdk/jdk1.6.0_35/jre/lib/i386/server/libjvm.so at 0xb69a4000
EBX=0xb71a7c88: <offset 0x803c88> in /opt/jdk/jdk1.6.0_35/jre/lib/i386/server/libjvm.so at 0xb69a4000
ECX=0x00000010 is an unknown value
EDX=0x9e386010 is an oop
java.lang.String 
 - klass: 'java/lang/String'
ESP=0x6ea7df30 is pointing into the stack for thread: 0xb68c1400
EBP=0x6ea7df48 is pointing into the stack for thread: 0xb68c1400
ESI=0x00000000 is an unknown value
EDI=0x00000000 is an unknown value


Stack: [0x6ea2e000,0x6ea7f000],  sp=0x6ea7df30,  free space=319k
Native frames: (J=compiled Java code, j=interpreted, Vv=VM code, C=native code)
V  [libjvm.so+0x3e29aa]  java_lang_String::utf8_length(oopDesc*)+0x3a
V  [libjvm.so+0x40b4f8]  unsigned+0xd8
C  [libjdwp.so+0x9de1]  void+0x91
C  [libjdwp.so+0x13143]  double+0x233
C  [libjdwp.so+0x27fd5]  char+0x75
C  [libjdwp.so+0x282d3]  signed char+0x33
V  [libjvm.so+0x4f9939]  JvmtiAgentThread::start_function_wrapper(JavaThread*, Thread*)+0x79
V  [libjvm.so+0x6e335f]  JavaThread::run()+0x11f
V  [libjvm.so+0x5e3f8e]  java_start(Thread*)+0x14e
C  [libpthread.so.0+0x6d4c]  short+0xcc


---------------  P R O C E S S  ---------------

Java Threads: ( => current thread )
  0xb68c9400 JavaThread "Low Memory Detector" daemon [_thread_blocked, id=25913, stack(0x6e22e000,0x6e27f000)]
  0xb68c7800 JavaThread "C2 CompilerThread1" daemon [_thread_blocked, id=25912, stack(0x6e27f000,0x6e300000)]
  0xb68c5800 JavaThread "C2 CompilerThread0" daemon [_thread_blocked, id=25911, stack(0x6e42e000,0x6e4af000)]
  0x6e500c00 JavaThread "JDWP Command Reader" daemon [_thread_in_native, id=25909, stack(0x6e4af000,0x6e500000)]
  0xb68c3c00 JavaThread "JDWP Event Helper Thread" daemon [_thread_blocked, id=25908, stack(0x6e646000,0x6e697000)]
=>0xb68c1400 JavaThread "JDWP Transport Listener: dt_socket" daemon [_thread_in_vm, id=25905, stack(0x6ea2e000,0x6ea7f000)]
  0xb68b9000 JavaThread "Signal Dispatcher" daemon [_thread_blocked, id=25903, stack(0x6ec2e000,0x6ec7f000)]
  0xb68ab400 JavaThread "Finalizer" daemon [_thread_blocked, id=25902, stack(0x6ee2e000,0x6ee7f000)]
  0xb68a9c00 JavaThread "Reference Handler" daemon [_thread_blocked, id=25901, stack(0x6e697000,0x6e6e8000)]
  0xb6807800 JavaThread "main" [_thread_blocked, id=25895, stack(0xb6927000,0xb6978000)]

Other Threads:
  0xb68a6000 VMThread [stack: 0x6e6e8000,0x6e769000] [id=25900]
  0xb68d3400 WatcherThread [stack: 0x6e1ad000,0x6e22e000] [id=25914]

VM state:not at safepoint (normal execution)

VM Mutex/Monitor currently owned by a thread: None

Heap
 PSYoungGen      total 19136K, used 4651K [0x9df40000, 0x9f490000, 0xb3490000)
  eden space 16448K, 28% used [0x9df40000,0x9e3cad50,0x9ef50000)
  from space 2688K, 0% used [0x9f1f0000,0x9f1f0000,0x9f490000)
  to   space 2688K, 0% used [0x9ef50000,0x9ef50000,0x9f1f0000)
 PSOldGen        total 43712K, used 0K [0x73490000, 0x75f40000, 0x9df40000)
  object space 43712K, 0% used [0x73490000,0x73490000,0x75f40000)
 PSPermGen       total 16384K, used 2946K [0x6f490000, 0x70490000, 0x73490000)
  object space 16384K, 17% used [0x6f490000,0x6f770b78,0x70490000)

Code Cache  [0xb355b000, 0xb379b000, 0xb655b000)
 total_blobs=113 nmethods=14 adapters=62 free_code_cache=50002688 largest_free_block=6720

Dynamic libraries:
08048000-08052000 r-xp 00000000 fc:03 16865249   /opt/jdk/jdk1.6.0_35/bin/java
08052000-08053000 rwxp 00009000 fc:03 16865249   /opt/jdk/jdk1.6.0_35/bin/java
09274000-09295000 rwxp 00000000 00:00 0          [heap]
6de00000-6de24000 rwxp 00000000 00:00 0 
6de24000-6df00000 ---p 00000000 00:00 0 
6e000000-6e100000 rwxp 00000000 00:00 0 
6e1ad000-6e1ae000 ---p 00000000 00:00 0 
6e1ae000-6e22e000 rwxp 00000000 00:00 0 
6e22e000-6e231000 ---p 00000000 00:00 0 
6e231000-6e27f000 rwxp 00000000 00:00 0 
6e27f000-6e282000 ---p 00000000 00:00 0 
6e282000-6e300000 rwxp 00000000 00:00 0 
6e300000-6e321000 rwxp 00000000 00:00 0 
6e321000-6e400000 ---p 00000000 00:00 0 
6e42e000-6e431000 ---p 00000000 00:00 0 
6e431000-6e4af000 rwxp 00000000 00:00 0 
6e4af000-6e4b2000 ---p 00000000 00:00 0 
6e4b2000-6e500000 rwxp 00000000 00:00 0 
6e500000-6e532000 rwxp 00000000 00:00 0 
6e532000-6e600000 ---p 00000000 00:00 0 
6e646000-6e649000 ---p 00000000 00:00 0 
6e649000-6e697000 rwxp 00000000 00:00 0 
6e697000-6e69a000 ---p 00000000 00:00 0 
6e69a000-6e6e8000 rwxp 00000000 00:00 0 
6e6e8000-6e6e9000 ---p 00000000 00:00 0 
6e6e9000-6e769000 rwxp 00000000 00:00 0 
6e769000-6e900000 r-xs 0307d000 fc:03 16807028   /opt/jdk/jdk1.6.0_35/jre/lib/rt.jar
6e900000-6e921000 rwxp 00000000 00:00 0 
6e921000-6ea00000 ---p 00000000 00:00 0 
6ea2e000-6ea31000 ---p 00000000 00:00 0 
6ea31000-6ea7f000 rwxp 00000000 00:00 0 
6ea7f000-6ea80000 ---p 00000000 00:00 0 
6ea80000-6eb00000 rwxp 00000000 00:00 0 
6eb00000-6eb21000 rwxp 00000000 00:00 0 
6eb21000-6ec00000 ---p 00000000 00:00 0 
6ec2e000-6ec31000 ---p 00000000 00:00 0 
6ec31000-6ec7f000 rwxp 00000000 00:00 0 
6ec7f000-6ec80000 ---p 00000000 00:00 0 
6ec80000-6ed00000 rwxp 00000000 00:00 0 
6ed00000-6edfa000 rwxp 00000000 00:00 0 
6edfa000-6ee00000 ---p 00000000 00:00 0 
6ee0b000-6ee0e000 r-xs 00023000 fc:05 1500583    /home/gino/.m2/repository/jdom/jdom/1.0/jdom-1.0.jar
6ee0e000-6ee1b000 r-xs 00086000 fc:05 136015659  /home/gino/.m2/repository/com/vividsolutions/jts/1.10/jts-1.10.jar
6ee1b000-6ee2e000 r-xs 00114000 fc:05 402858766  /home/gino/.m2/repository/org/geotools/gt-main/2.6.5/gt-main-2.6.5.jar
6ee2e000-6ee31000 ---p 00000000 00:00 0 
6ee31000-6ee7f000 rwxp 00000000 00:00 0 
6ee7f000-6ee80000 ---p 00000000 00:00 0 
6ee80000-6ef00000 rwxp 00000000 00:00 0 
6ef00000-6effa000 rwxp 00000000 00:00 0 
6effa000-6f000000 ---p 00000000 00:00 0 
6f000000-6f004000 r-xs 00018000 fc:05 402858757  /home/gino/.m2/repository/org/geotools/gt-api/2.6.5/gt-api-2.6.5.jar
6f004000-6f005000 r-xs 0000a000 fc:05 269004286  /home/gino/.m2/repository/net/sf/kxml/kxml2/2.3.0/kxml2-2.3.0.jar
6f005000-6f007000 r-xs 0000e000 fc:05 270084005  /home/gino/.m2/repository/javax/activation/activation/1.1/activation-1.1.jar
6f007000-6f009000 r-xs 00004000 fc:05 1500537    /home/gino/.m2/repository/javax/xml/stream/stax-api/1.0-2/stax-api-1.0-2.jar
6f009000-6f00c000 r-xs 00017000 fc:05 270084097  /home/gino/.m2/repository/javax/xml/bind/jaxb-api/2.2.2/jaxb-api-2.2.2.jar
6f00c000-6f01f000 r-xs 000c7000 fc:05 1458980    /home/gino/.m2/repository/com/sun/xml/bind/jaxb-impl/2.2.2/jaxb-impl-2.2.2.jar
6f01f000-6f028000 r-xs 0002d000 fc:05 136667530  /home/gino/.m2/repository/xml-apis/xml-apis/1.4.01/xml-apis-1.4.01.jar
6f028000-6f041000 r-xs 00134000 fc:05 270702813  /home/gino/.m2/repository/xerces/xercesImpl/2.10.0/xercesImpl-2.10.0.jar
6f041000-6f044000 r-xs 00013000 fc:05 269037923  /home/gino/.m2/repository/org/apache/commons/commons-io/1.3.2/commons-io-1.3.2.jar
6f044000-6f078000 rwxp 00000000 00:00 0 
6f078000-6f079000 ---p 00000000 00:00 0 
6f079000-6f101000 rwxp 00000000 00:00 0 
6f101000-6f119000 rwxp 00000000 00:00 0 
6f119000-6f12f000 rwxp 00000000 00:00 0 
6f12f000-6f26f000 rwxp 00000000 00:00 0 
6f26f000-6f277000 rwxp 00000000 00:00 0 
6f277000-6f28f000 rwxp 00000000 00:00 0 
6f28f000-6f2a5000 rwxp 00000000 00:00 0 
6f2a5000-6f3e4000 rwxp 00000000 00:00 0 
6f3e4000-6f3ef000 rwxp 00000000 00:00 0 
6f3ef000-6f48f000 rwxp 00000000 00:00 0 
6f48f000-70490000 rwxp 00000000 00:00 0 
70490000-73490000 rwxp 00000000 00:00 0 
73490000-75f40000 rwxp 00000000 00:00 0 
75f40000-9df40000 rwxp 00000000 00:00 0 
9df40000-9f490000 rwxp 00000000 00:00 0 
9f490000-b3490000 rwxp 00000000 00:00 0 
b3490000-b3495000 r-xs 00034000 fc:05 403491791  /home/gino/.m2/repository/commons-beanutils/commons-beanutils/1.8.3/commons-beanutils-1.8.3.jar
b3495000-b349b000 r-xs 00048000 fc:05 403541870  /home/gino/.m2/repository/org/apache/commons/commons-lang3/3.1/commons-lang3-3.1.jar
b349b000-b34a4000 rwxp 00000000 00:00 0 
b34a4000-b355b000 rwxp 00000000 00:00 0 
b355b000-b379b000 rwxp 00000000 00:00 0 
b379b000-b655b000 rwxp 00000000 00:00 0 
b655b000-b656a000 r-xp 00000000 fc:03 1107       /opt/jdk/jdk1.6.0_35/jre/lib/i386/libzip.so
b656a000-b656c000 rwxp 0000e000 fc:03 1107       /opt/jdk/jdk1.6.0_35/jre/lib/i386/libzip.so
b656c000-b6577000 r-xp 00000000 fc:00 8418709    /lib/i386-linux-gnu/libnss_files-2.15.so
b6577000-b6578000 r-xp 0000a000 fc:00 8418709    /lib/i386-linux-gnu/libnss_files-2.15.so
b6578000-b6579000 rwxp 0000b000 fc:00 8418709    /lib/i386-linux-gnu/libnss_files-2.15.so
b6579000-b6583000 r-xp 00000000 fc:00 8418717    /lib/i386-linux-gnu/libnss_nis-2.15.so
b6583000-b6584000 r-xp 00009000 fc:00 8418717    /lib/i386-linux-gnu/libnss_nis-2.15.so
b6584000-b6585000 rwxp 0000a000 fc:00 8418717    /lib/i386-linux-gnu/libnss_nis-2.15.so
b6585000-b6785000 r-xp 00000000 fc:01 25172796   /usr/lib/locale/locale-archive
b6785000-b67bf000 r-xp 00000000 fc:03 1134       /opt/jdk/jdk1.6.0_35/jre/lib/i386/libjdwp.so
b67bf000-b67c0000 rwxp 00039000 fc:03 1134       /opt/jdk/jdk1.6.0_35/jre/lib/i386/libjdwp.so
b67c0000-b67d6000 r-xp 00000000 fc:00 8418711    /lib/i386-linux-gnu/libnsl-2.15.so
b67d6000-b67d7000 r-xp 00015000 fc:00 8418711    /lib/i386-linux-gnu/libnsl-2.15.so
b67d7000-b67d8000 rwxp 00016000 fc:00 8418711    /lib/i386-linux-gnu/libnsl-2.15.so
b67d8000-b67da000 rwxp 00000000 00:00 0 
b67da000-b67fe000 r-xp 00000000 fc:03 1105       /opt/jdk/jdk1.6.0_35/jre/lib/i386/libjava.so
b67fe000-b6800000 rwxp 00023000 fc:03 1105       /opt/jdk/jdk1.6.0_35/jre/lib/i386/libjava.so
b6800000-b6900000 rwxp 00000000 00:00 0 
b6900000-b6902000 r-xs 0000d000 fc:05 1500322    /home/gino/.m2/repository/commons-logging/commons-logging/1.1.1/commons-logging-1.1.1.jar
b6902000-b6909000 r-xp 00000000 fc:00 8392820    /lib/i386-linux-gnu/libnss_compat-2.15.so
b6909000-b690a000 r-xp 00006000 fc:00 8392820    /lib/i386-linux-gnu/libnss_compat-2.15.so
b690a000-b690b000 rwxp 00007000 fc:00 8392820    /lib/i386-linux-gnu/libnss_compat-2.15.so
b690c000-b6912000 r-xs 00045000 fc:05 1500209    /home/gino/.m2/repository/commons-jxpath/commons-jxpath/1.4-20120215/commons-jxpath-1.4-20120215.jar
b6912000-b6915000 r-xp 00000000 fc:03 1135       /opt/jdk/jdk1.6.0_35/jre/lib/i386/libdt_socket.so
b6915000-b6916000 rwxp 00003000 fc:03 1135       /opt/jdk/jdk1.6.0_35/jre/lib/i386/libdt_socket.so
b6916000-b691e000 rwxs 00000000 fc:04 2116779    /tmp/hsperfdata_gino/25889
b691e000-b6925000 r-xp 00000000 fc:00 8418701    /lib/i386-linux-gnu/librt-2.15.so
b6925000-b6926000 r-xp 00006000 fc:00 8418701    /lib/i386-linux-gnu/librt-2.15.so
b6926000-b6927000 rwxp 00007000 fc:00 8418701    /lib/i386-linux-gnu/librt-2.15.so
b6927000-b692a000 ---p 00000000 00:00 0 
b692a000-b6978000 rwxp 00000000 00:00 0 
b6978000-b69a2000 r-xp 00000000 fc:00 8399710    /lib/i386-linux-gnu/libm-2.15.so
b69a2000-b69a3000 r-xp 00029000 fc:00 8399710    /lib/i386-linux-gnu/libm-2.15.so
b69a3000-b69a4000 rwxp 0002a000 fc:00 8399710    /lib/i386-linux-gnu/libm-2.15.so
b69a4000-b7158000 r-xp 00000000 fc:03 33595528   /opt/jdk/jdk1.6.0_35/jre/lib/i386/server/libjvm.so
b7158000-b71ac000 rwxp 007b4000 fc:03 33595528   /opt/jdk/jdk1.6.0_35/jre/lib/i386/server/libjvm.so
b71ac000-b75cb000 rwxp 00000000 00:00 0 
b75cb000-b776e000 r-xp 00000000 fc:00 8418714    /lib/i386-linux-gnu/libc-2.15.so
b776e000-b776f000 ---p 001a3000 fc:00 8418714    /lib/i386-linux-gnu/libc-2.15.so
b776f000-b7771000 r-xp 001a3000 fc:00 8418714    /lib/i386-linux-gnu/libc-2.15.so
b7771000-b7772000 rwxp 001a5000 fc:00 8418714    /lib/i386-linux-gnu/libc-2.15.so
b7772000-b7775000 rwxp 00000000 00:00 0 
b7775000-b7778000 r-xp 00000000 fc:00 8418707    /lib/i386-linux-gnu/libdl-2.15.so
b7778000-b7779000 r-xp 00002000 fc:00 8418707    /lib/i386-linux-gnu/libdl-2.15.so
b7779000-b777a000 rwxp 00003000 fc:00 8418707    /lib/i386-linux-gnu/libdl-2.15.so
b777a000-b7781000 r-xp 00000000 fc:03 1099       /opt/jdk/jdk1.6.0_35/jre/lib/i386/jli/libjli.so
b7781000-b7783000 rwxp 00006000 fc:03 1099       /opt/jdk/jdk1.6.0_35/jre/lib/i386/jli/libjli.so
b7783000-b7784000 rwxp 00000000 00:00 0 
b7784000-b779b000 r-xp 00000000 fc:00 8418715    /lib/i386-linux-gnu/libpthread-2.15.so
b779b000-b779c000 r-xp 00016000 fc:00 8418715    /lib/i386-linux-gnu/libpthread-2.15.so
b779c000-b779d000 rwxp 00017000 fc:00 8418715    /lib/i386-linux-gnu/libpthread-2.15.so
b779d000-b779f000 rwxp 00000000 00:00 0 
b77a0000-b77a3000 r-xp 00000000 fc:03 1108       /opt/jdk/jdk1.6.0_35/jre/lib/i386/libnpt.so
b77a3000-b77a4000 rwxp 00002000 fc:03 1108       /opt/jdk/jdk1.6.0_35/jre/lib/i386/libnpt.so
b77a4000-b77a5000 rwxp 00000000 00:00 0 
b77a5000-b77a6000 r-xp 00000000 00:00 0 
b77a6000-b77b1000 r-xp 00000000 fc:03 1104       /opt/jdk/jdk1.6.0_35/jre/lib/i386/libverify.so
b77b1000-b77b2000 rwxp 0000b000 fc:03 1104       /opt/jdk/jdk1.6.0_35/jre/lib/i386/libverify.so
b77b2000-b77b4000 rwxp 00000000 00:00 0 
b77b4000-b77b5000 r-xp 00000000 00:00 0          [vdso]
b77b5000-b77d5000 r-xp 00000000 fc:00 8418710    /lib/i386-linux-gnu/ld-2.15.so
b77d5000-b77d6000 r-xp 0001f000 fc:00 8418710    /lib/i386-linux-gnu/ld-2.15.so
b77d6000-b77d7000 rwxp 00020000 fc:00 8418710    /lib/i386-linux-gnu/ld-2.15.so
bfd4e000-bfd6f000 rwxp 00000000 00:00 0          [stack]

VM Arguments:
jvm_args: -agentlib:jdwp=transport=dt_socket,suspend=y,address=localhost:49444 -Dfile.encoding=UTF-8 
java_command: org.openforis.idm.metamodel.xml.IdmlParser
Launcher Type: SUN_STANDARD

Environment Variables:
PATH=/usr/lib/lightdm/lightdm:/usr/local/sbin:/usr/local/bin:/usr/sbin:/usr/bin:/sbin:/bin:/usr/games
LD_LIBRARY_PATH=/opt/jdk/jdk1.6.0_35/jre/lib/i386/server:/opt/jdk/jdk1.6.0_35/jre/lib/i386:/opt/jdk/jdk1.6.0_35/jre/../lib/i386:/opt/jdk/jdk1.6.0_35/jre/lib/i386/client:/opt/jdk/jdk1.6.0_35/jre/lib/i386:
SHELL=/bin/bash
DISPLAY=:0

Signal Handlers:
SIGSEGV: [libjvm.so+0x726fe0], sa_mask[0]=0x7ffbfeff, sa_flags=0x10000004
SIGBUS: [libjvm.so+0x726fe0], sa_mask[0]=0x7ffbfeff, sa_flags=0x10000004
SIGFPE: [libjvm.so+0x5e13a0], sa_mask[0]=0x7ffbfeff, sa_flags=0x10000004
SIGPIPE: [libjvm.so+0x5e13a0], sa_mask[0]=0x7ffbfeff, sa_flags=0x10000004
SIGXFSZ: [libjvm.so+0x5e13a0], sa_mask[0]=0x7ffbfeff, sa_flags=0x10000004
SIGILL: [libjvm.so+0x5e13a0], sa_mask[0]=0x7ffbfeff, sa_flags=0x10000004
SIGUSR1: SIG_DFL, sa_mask[0]=0x00000000, sa_flags=0x00000000
SIGUSR2: [libjvm.so+0x5e4600], sa_mask[0]=0x00000004, sa_flags=0x10000004
SIGHUP: [libjvm.so+0x5e41e0], sa_mask[0]=0x7ffbfeff, sa_flags=0x10000004
SIGINT: [libjvm.so+0x5e41e0], sa_mask[0]=0x7ffbfeff, sa_flags=0x10000004
SIGTERM: [libjvm.so+0x5e41e0], sa_mask[0]=0x7ffbfeff, sa_flags=0x10000004
SIGQUIT: [libjvm.so+0x5e41e0], sa_mask[0]=0x7ffbfeff, sa_flags=0x10000004


---------------  S Y S T E M  ---------------

OS:wheezy/sid

uname:Linux 3.2.0-31-generic-pae #50-Ubuntu SMP Fri Sep 7 16:39:45 UTC 2012 i686
libc:glibc 2.15 NPTL 2.15 
rlimit: STACK 8192k, CORE 0k, NPROC 63433, NOFILE 4096, AS infinity
load average:0.49 0.64 0.62

/proc/meminfo:
MemTotal:        8134996 kB
MemFree:         3771960 kB
Buffers:            5520 kB
Cached:          2046888 kB
SwapCached:            0 kB
Active:          2444288 kB
Inactive:        1514744 kB
Active(anon):    1908804 kB
Inactive(anon):     8484 kB
Active(file):     535484 kB
Inactive(file):  1506260 kB
Unevictable:          12 kB
Mlocked:              12 kB
HighTotal:       7342084 kB
HighFree:        3130920 kB
LowTotal:         792912 kB
LowFree:          641040 kB
SwapTotal:      15622140 kB
SwapFree:       15622140 kB
Dirty:              2928 kB
Writeback:             0 kB
AnonPages:       1906612 kB
Mapped:           357364 kB
Shmem:             10676 kB
Slab:              83592 kB
SReclaimable:      56648 kB
SUnreclaim:        26944 kB
KernelStack:        4856 kB
PageTables:        15104 kB
NFS_Unstable:          0 kB
Bounce:                0 kB
WritebackTmp:          0 kB
CommitLimit:    19689636 kB
Committed_AS:    4379164 kB
VmallocTotal:     122880 kB
VmallocUsed:       40584 kB
VmallocChunk:      74956 kB
HardwareCorrupted:     0 kB
AnonHugePages:         0 kB
HugePages_Total:       0
HugePages_Free:        0
HugePages_Rsvd:        0
HugePages_Surp:        0
Hugepagesize:       2048 kB
DirectMap4k:        8184 kB
DirectMap2M:      905216 kB


CPU:total 4 (4 cores per cpu, 1 threads per core) family 6 model 23 stepping 10, cmov, cx8, fxsr, mmx, sse, sse2, sse3, ssse3, sse4.1

/proc/cpuinfo:
processor	: 0
vendor_id	: GenuineIntel
cpu family	: 6
model		: 23
model name	: Intel(R) Core(TM)2 Quad CPU    Q9550  @ 2.83GHz
stepping	: 10
microcode	: 0xa07
cpu MHz		: 2833.000
cache size	: 6144 KB
physical id	: 0
siblings	: 4
core id		: 0
cpu cores	: 4
apicid		: 0
initial apicid	: 0
fdiv_bug	: no
hlt_bug		: no
f00f_bug	: no
coma_bug	: no
fpu		: yes
fpu_exception	: yes
cpuid level	: 13
wp		: yes
flags		: fpu vme de pse tsc msr pae mce cx8 apic sep mtrr pge mca cmov pat pse36 clflush dts acpi mmx fxsr sse sse2 ss ht tm pbe nx lm constant_tsc arch_perfmon pebs bts aperfmperf pni dtes64 monitor ds_cpl vmx smx est tm2 ssse3 cx16 xtpr pdcm sse4_1 xsave lahf_lm dtherm tpr_shadow vnmi flexpriority
bogomips	: 5652.00
clflush size	: 64
cache_alignment	: 64
address sizes	: 36 bits physical, 48 bits virtual
power management:

processor	: 1
vendor_id	: GenuineIntel
cpu family	: 6
model		: 23
model name	: Intel(R) Core(TM)2 Quad CPU    Q9550  @ 2.83GHz
stepping	: 10
microcode	: 0xa07
cpu MHz		: 2000.000
cache size	: 6144 KB
physical id	: 0
siblings	: 4
core id		: 1
cpu cores	: 4
apicid		: 1
initial apicid	: 1
fdiv_bug	: no
hlt_bug		: no
f00f_bug	: no
coma_bug	: no
fpu		: yes
fpu_exception	: yes
cpuid level	: 13
wp		: yes
flags		: fpu vme de pse tsc msr pae mce cx8 apic sep mtrr pge mca cmov pat pse36 clflush dts acpi mmx fxsr sse sse2 ss ht tm pbe nx lm constant_tsc arch_perfmon pebs bts aperfmperf pni dtes64 monitor ds_cpl vmx smx est tm2 ssse3 cx16 xtpr pdcm sse4_1 xsave lahf_lm dtherm tpr_shadow vnmi flexpriority
bogomips	: 5651.72
clflush size	: 64
cache_alignment	: 64
address sizes	: 36 bits physical, 48 bits virtual
power management:

processor	: 2
vendor_id	: GenuineIntel
cpu family	: 6
model		: 23
model name	: Intel(R) Core(TM)2 Quad CPU    Q9550  @ 2.83GHz
stepping	: 10
microcode	: 0xa07
cpu MHz		: 2000.000
cache size	: 6144 KB
physical id	: 0
siblings	: 4
core id		: 2
cpu cores	: 4
apicid		: 2
initial apicid	: 2
fdiv_bug	: no
hlt_bug		: no
f00f_bug	: no
coma_bug	: no
fpu		: yes
fpu_exception	: yes
cpuid level	: 13
wp		: yes
flags		: fpu vme de pse tsc msr pae mce cx8 apic sep mtrr pge mca cmov pat pse36 clflush dts acpi mmx fxsr sse sse2 ss ht tm pbe nx lm constant_tsc arch_perfmon pebs bts aperfmperf pni dtes64 monitor ds_cpl vmx smx est tm2 ssse3 cx16 xtpr pdcm sse4_1 xsave lahf_lm dtherm tpr_shadow vnmi flexpriority
bogomips	: 5651.74
clflush size	: 64
cache_alignment	: 64
address sizes	: 36 bits physical, 48 bits virtual
power management:

processor	: 3
vendor_id	: GenuineIntel
cpu family	: 6
model		: 23
model name	: Intel(R) Core(TM)2 Quad CPU    Q9550  @ 2.83GHz
stepping	: 10
microcode	: 0xa07
cpu MHz		: 2833.000
cache size	: 6144 KB
physical id	: 0
siblings	: 4
core id		: 3
cpu cores	: 4
apicid		: 3
initial apicid	: 3
fdiv_bug	: no
hlt_bug		: no
f00f_bug	: no
coma_bug	: no
fpu		: yes
fpu_exception	: yes
cpuid level	: 13
wp		: yes
flags		: fpu vme de pse tsc msr pae mce cx8 apic sep mtrr pge mca cmov pat pse36 clflush dts acpi mmx fxsr sse sse2 ss ht tm pbe nx lm constant_tsc arch_perfmon pebs bts aperfmperf pni dtes64 monitor ds_cpl vmx smx est tm2 ssse3 cx16 xtpr pdcm sse4_1 xsave lahf_lm dtherm tpr_shadow vnmi flexpriority
bogomips	: 5651.75
clflush size	: 64
cache_alignment	: 64
address sizes	: 36 bits physical, 48 bits virtual
power management:



Memory: 4k page, physical 8134996k(3771960k free), swap 15622140k(15622140k free)

vm_info: Java HotSpot(TM) Server VM (20.10-b01) for linux-x86 JRE (1.6.0_35-b10), built on Aug 28 2012 16:06:20 by "java_re" with gcc 3.2.1-7a (J2SE release)

time: Mon Oct  8 17:08:41 2012
elapsed time: 6 seconds

